<?xml version="1.0" encoding="UTF-8"?>
<!-- Generated by org.testng.reporters.JUnitXMLReporter -->
<testsuite ignored="0" hostname="HPaf008ax" failures="1" tests="2" name="Validating NavBar" time="10.994" errors="0" timestamp="2020-10-01T18:12:38 IST">
  <testcase classname="Academy.NavBarCheck" name="getScrollableCardLinks" time="0.098">
    <failure type="java.lang.AssertionError" message="expected [22] but found [24]">
      <![CDATA[java.lang.AssertionError: expected [22] but found [24]
at Academy.NavBarCheck.getScrollableCardLinks(NavBarCheck.java:44)
at java.base/java.util.ArrayList.forEach(ArrayList.java:1511)
... Removed 37 stack frames]]>
    </failure>
  </testcase> <!-- getScrollableCardLinks -->
  <testcase classname="Academy.NavBarCheck" name="navBarDisplay" time="0.488"/>
</testsuite> <!-- Validating NavBar -->
